c:\users\balagnese\desktop\gardenwarconsoleapp 2\gardenwarconsoleapp\debug\gardenwarconsoleapp.pch
c:\users\balagnese\desktop\gardenwarconsoleapp 2\gardenwarconsoleapp\debug\vc141.pdb
c:\users\balagnese\desktop\gardenwarconsoleapp 2\gardenwarconsoleapp\debug\vc141.idb
c:\users\balagnese\desktop\gardenwarconsoleapp 2\gardenwarconsoleapp\debug\pch.obj
c:\users\balagnese\desktop\gardenwarconsoleapp 2\gardenwarconsoleapp\debug\slowmovingstrategy.obj
c:\users\balagnese\desktop\gardenwarconsoleapp 2\gardenwarconsoleapp\debug\randommolefactory.obj
c:\users\balagnese\desktop\gardenwarconsoleapp 2\gardenwarconsoleapp\debug\position.obj
c:\users\balagnese\desktop\gardenwarconsoleapp 2\gardenwarconsoleapp\debug\objfield.obj
c:\users\balagnese\desktop\gardenwarconsoleapp 2\gardenwarconsoleapp\debug\movingstrategy.obj
c:\users\balagnese\desktop\gardenwarconsoleapp 2\gardenwarconsoleapp\debug\movingobject.obj
c:\users\balagnese\desktop\gardenwarconsoleapp 2\gardenwarconsoleapp\debug\molefactory.obj
c:\users\balagnese\desktop\gardenwarconsoleapp 2\gardenwarconsoleapp\debug\mole.obj
c:\users\balagnese\desktop\gardenwarconsoleapp 2\gardenwarconsoleapp\debug\lovestrategy.obj
c:\users\balagnese\desktop\gardenwarconsoleapp 2\gardenwarconsoleapp\debug\greedyslowmole.obj
c:\users\balagnese\desktop\gardenwarconsoleapp 2\gardenwarconsoleapp\debug\greedyfastmole.obj
c:\users\balagnese\desktop\gardenwarconsoleapp 2\gardenwarconsoleapp\debug\greeadyeatingstrategy.obj
c:\users\balagnese\desktop\gardenwarconsoleapp 2\gardenwarconsoleapp\debug\gardenwarconsoleapp.obj
c:\users\balagnese\desktop\gardenwarconsoleapp 2\gardenwarconsoleapp\debug\gardener.obj
c:\users\balagnese\desktop\gardenwarconsoleapp 2\gardenwarconsoleapp\debug\gamefield.obj
c:\users\balagnese\desktop\gardenwarconsoleapp 2\gardenwarconsoleapp\debug\game.obj
c:\users\balagnese\desktop\gardenwarconsoleapp 2\gardenwarconsoleapp\debug\field.obj
c:\users\balagnese\desktop\gardenwarconsoleapp 2\gardenwarconsoleapp\debug\fastmovingstrategy.obj
c:\users\balagnese\desktop\gardenwarconsoleapp 2\gardenwarconsoleapp\debug\eatingstrategy.obj
c:\users\balagnese\desktop\gardenwarconsoleapp 2\gardenwarconsoleapp\debug\basestrategy.obj
c:\users\balagnese\desktop\gardenwarconsoleapp 2\debug\gardenwarconsoleapp.exe
c:\users\balagnese\desktop\gardenwarconsoleapp 2\debug\gardenwarconsoleapp.ilk
c:\users\balagnese\desktop\gardenwarconsoleapp 2\debug\gardenwarconsoleapp.pdb
c:\users\balagnese\desktop\gardenwarconsoleapp 2\gardenwarconsoleapp\debug\gardenwa.2ec68398.tlog\cl.command.1.tlog
c:\users\balagnese\desktop\gardenwarconsoleapp 2\gardenwarconsoleapp\debug\gardenwa.2ec68398.tlog\cl.read.1.tlog
c:\users\balagnese\desktop\gardenwarconsoleapp 2\gardenwarconsoleapp\debug\gardenwa.2ec68398.tlog\cl.write.1.tlog
c:\users\balagnese\desktop\gardenwarconsoleapp 2\gardenwarconsoleapp\debug\gardenwa.2ec68398.tlog\link.command.1.tlog
c:\users\balagnese\desktop\gardenwarconsoleapp 2\gardenwarconsoleapp\debug\gardenwa.2ec68398.tlog\link.read.1.tlog
c:\users\balagnese\desktop\gardenwarconsoleapp 2\gardenwarconsoleapp\debug\gardenwa.2ec68398.tlog\link.write.1.tlog
